[ 16%] Built target end_eff_vel_control
[ 33%] Built target ikin_publisher
[ 58%] Built target joint_effort_control
[ 58%] [32mBuilding CXX object CMakeFiles/fkin_publisher.dir/src/position_publisher.cpp.o[0m
[ 83%] Built target switch_eff
[ 91%] Built target switch_vel
[01m[K/home/maryammahmood/PID_based_control_rrbot/PID-based-SCARA-Robot-Position-and-Velocity-Control-And-Manipulation/src/rrbot_simulation_files/rrbot_gazebo/src/position_publisher.cpp:[m[K In member function â€˜[01m[Kvoid FKin_Publisher::topic_callback(sensor_msgs::msg::JointState_<std::allocator<void> >::SharedPtr) const[m[Kâ€™:
[01m[K/home/maryammahmood/PID_based_control_rrbot/PID-based-SCARA-Robot-Position-and-Velocity-Control-And-Manipulation/src/rrbot_simulation_files/rrbot_gazebo/src/position_publisher.cpp:67:38:[m[K [01;31m[Kerror: [m[Kexpected primary-expression before â€˜[01m[K;[m[Kâ€™ token
   67 |     message.layout.dim[0].stride = 4*[01;31m[K;[m[K
      |                                      [01;31m[K^[m[K
gmake[2]: *** [CMakeFiles/fkin_publisher.dir/build.make:76: CMakeFiles/fkin_publisher.dir/src/position_publisher.cpp.o] Error 1
gmake[1]: *** [CMakeFiles/Makefile2:147: CMakeFiles/fkin_publisher.dir/all] Error 2
gmake: *** [Makefile:146: all] Error 2
